z:\cs553\samplew\debug\sample.obj
z:\cs553\samplew\debug\vc100.pdb
z:\cs553~1\samplew\debug\sample.obj
z:\cs553~1\samplew\debug\vc100.pdb
k:\cs550\sample\debug\sample.obj
k:\cs550\sample\debug\vc100.pdb
k:\cs550\samplefreeglut\debug\sample.obj
k:\cs550\samplefreeglut\debug\vc100.pdb
z:\cs553\samplew\debug\sample.exe
z:\cs553\samplew\debug\sample.exe.intermediate.manifest
z:\cs553\samplew\debug\sample.pdb
z:\cs553~1\samplew\debug\sample.exe
z:\cs553~1\samplew\debug\sample.exe.intermediate.manifest
z:\cs553~1\samplew\debug\sample.pdb
k:\cs550\sample\debug\sample.exe
k:\cs550\sample\debug\sample.exe.intermediate.manifest
k:\cs550\sample\debug\sample.pdb
k:\cs550\samplefreeglut\debug\sample.pdb
k:\cs550\samplefreeglut\debug\sample.exe
y:\cs550\samplefreeglut\debug\vc120.pdb
y:\cs550\samplefreeglut\debug\vc120.idb
y:\cs550\samplefreeglut\debug\sample.obj
y:\cs550\samplefreeglut2015\debug\vc140.pdb
y:\cs550\samplefreeglut2015\debug\vc140.idb
y:\cs550\samplefreeglut2015\debug\sample.obj
y:\cs550\samplefreeglut2017\debug\vc141.pdb
y:\cs550\samplefreeglut2017\debug\vc141.idb
y:\cs550\samplefreeglut2017\debug\sample.obj
c:\users\mojia\source\repos\forwardtemplate\debug\vc142.pdb
c:\users\mojia\source\repos\forwardtemplate\debug\vc142.idb
c:\users\mojia\source\repos\forwardtemplate\debug\sample.obj
y:\cs550\samplefreeglut\debug\sample.exe
y:\cs550\samplefreeglut\debug\sample.pdb
y:\cs550\samplefreeglut2015\debug\sample.exe
y:\cs550\samplefreeglut2015\debug\sample.pdb
y:\cs550\samplefreeglut2017\debug\sample.exe
y:\cs550\samplefreeglut2017\debug\sample.pdb
y:\cs491\samplefreeglut2017\debug\sample.exe
y:\cs491\samplefreeglut2017\debug\sample.pdb
c:\users\mojia\source\repos\forwardtemplate\debug\sample.exe
c:\users\mojia\source\repos\forwardtemplate\debug\sample.pdb
c:\users\mojia\source\repos\forwardtemplate\debug\sample.vcxprojresolveassemblyreference.cache
c:\users\mojia\source\repos\forwardtemplate\debug\cl.command.1.tlog
c:\users\mojia\source\repos\forwardtemplate\debug\cl.read.1.tlog
c:\users\mojia\source\repos\forwardtemplate\debug\cl.write.1.tlog
c:\users\mojia\source\repos\forwardtemplate\debug\link.command.1.tlog
c:\users\mojia\source\repos\forwardtemplate\debug\link.read.1.tlog
c:\users\mojia\source\repos\forwardtemplate\debug\link.write.1.tlog
c:\users\mojia\source\repos\forwardtemplate\debug\mt.command.1.tlog
c:\users\mojia\source\repos\forwardtemplate\debug\mt.read.1.tlog
c:\users\mojia\source\repos\forwardtemplate\debug\mt.write.1.tlog
c:\users\mojia\source\repos\forwardtemplate\debug\sample.write.1.tlog
c:\users\mojia\source\repos\forwardtemplate\debug\vc120.idb
c:\users\mojia\source\repos\forwardtemplate\debug\vc140.idb
c:\users\mojia\source\repos\forwardtemplate\debug\vc141.idb
c:\users\mojia\source\repos\forwardtemplate\debug\vc120.pdb
c:\users\mojia\source\repos\forwardtemplate\debug\vc140.pdb
c:\users\mojia\source\repos\forwardtemplate\debug\vc141.pdb
c:\users\mojia\source\repos\forwardtemplate\.\debug\sample.exe
c:\users\mojia\source\repos\forwardtemplate\debug\sample.tlog\cl.command.1.tlog
c:\users\mojia\source\repos\forwardtemplate\debug\sample.tlog\cl.read.1.tlog
c:\users\mojia\source\repos\forwardtemplate\debug\sample.tlog\cl.write.1.tlog
c:\users\mojia\source\repos\forwardtemplate\debug\sample.tlog\link.command.1.tlog
c:\users\mojia\source\repos\forwardtemplate\debug\sample.tlog\link.delete.1.tlog
c:\users\mojia\source\repos\forwardtemplate\debug\sample.tlog\link.read.1.tlog
c:\users\mojia\source\repos\forwardtemplate\debug\sample.tlog\link.write.1.tlog
